<?xml version="1.0" encoding="UTF-8"?>
<!-- Generated by org.testng.reporters.JUnitReportReporter -->
<testsuite hostname="DESKTOP-4POFKED" failures="0" tests="1" name="com.baseclass.Baseclass" time="16.584" errors="0" timestamp="2024-01-15T12:49:48 IST" skipped="0">
  <testcase classname="com.baseclass.Baseclass" name="main" time="16.584"/>
  <system-out/>
</testsuite> <!-- com.baseclass.Baseclass -->
