<?xml version="1.0" encoding="UTF-8"?>
<!-- Generated by org.testng.reporters.JUnitReportReporter -->
<testsuite hostname="DESKTOP-4POFKED" failures="0" tests="1" name="Loginpage.Loginpage_Testcase_001" time="24.708" errors="0" timestamp="2024-01-15T17:39:40 IST" skipped="0">
  <testcase classname="Loginpage.Loginpage_Testcase_001" name="loginTest" time="24.708"/>
  <system-out/>
</testsuite> <!-- Loginpage.Loginpage_Testcase_001 -->
