<?xml version="1.0" encoding="UTF-8"?>
<!-- Generated by org.testng.reporters.JUnitReportReporter -->
<testsuite hostname="DESKTOP-4POFKED" failures="0" tests="1" name="Loginpage.ExcelDatadriven" time="1.425" errors="0" timestamp="2024-01-16T17:44:34 IST" skipped="0">
  <testcase classname="Loginpage.ExcelDatadriven" name="getDataFromExcel" time="1.425"/>
  <system-out/>
</testsuite> <!-- Loginpage.ExcelDatadriven -->
